PID 62260 received SIGSEGV for address: 0x1000001b7
/home/smsag/Desktop/MicroLearning/node_modules/segfault-handler/build/Release/segfault-handler.node(+0x37a5)[0x7f2abc6697a5]
/lib/x86_64-linux-gnu/libpthread.so.0(+0x14420)[0x7f2abc2fd420]
/lib/x86_64-linux-gnu/libssl.so.1.1(SSL_get_peer_certificate+0x17)[0x7f2ab824b6f7]
/home/smsag/Desktop/MicroLearning/node_modules/.prisma/client/libquery_engine-debian-openssl-1.1.x.so.node(+0x549a6a)[0x7f2aa24e7a6a]
/home/smsag/Desktop/MicroLearning/node_modules/.prisma/client/libquery_engine-debian-openssl-1.1.x.so.node(+0x59b0f5)[0x7f2aa25390f5]
/home/smsag/Desktop/MicroLearning/node_modules/.prisma/client/libquery_engine-debian-openssl-1.1.x.so.node(+0x597b30)[0x7f2aa2535b30]
/home/smsag/Desktop/MicroLearning/node_modules/.prisma/client/libquery_engine-debian-openssl-1.1.x.so.node(+0x622b74)[0x7f2aa25c0b74]
/home/smsag/Desktop/MicroLearning/node_modules/.prisma/client/libquery_engine-debian-openssl-1.1.x.so.node(+0x849e10)[0x7f2aa27e7e10]
/home/smsag/Desktop/MicroLearning/node_modules/.prisma/client/libquery_engine-debian-openssl-1.1.x.so.node(+0x845aa1)[0x7f2aa27e3aa1]
/home/smsag/Desktop/MicroLearning/node_modules/.prisma/client/libquery_engine-debian-openssl-1.1.x.so.node(+0x845967)[0x7f2aa27e3967]
/home/smsag/Desktop/MicroLearning/node_modules/.prisma/client/libquery_engine-debian-openssl-1.1.x.so.node(+0x87e6c7)[0x7f2aa281c6c7]
/home/smsag/Desktop/MicroLearning/node_modules/.prisma/client/libquery_engine-debian-openssl-1.1.x.so.node(+0x8b9777)[0x7f2aa2857777]
/home/smsag/Desktop/MicroLearning/node_modules/.prisma/client/libquery_engine-debian-openssl-1.1.x.so.node(+0x8815e7)[0x7f2aa281f5e7]
/home/smsag/Desktop/MicroLearning/node_modules/.prisma/client/libquery_engine-debian-openssl-1.1.x.so.node(+0x8bb1e0)[0x7f2aa28591e0]
/home/smsag/Desktop/MicroLearning/node_modules/.prisma/client/libquery_engine-debian-openssl-1.1.x.so.node(+0x136731)[0x7f2aa20d4731]
/home/smsag/Desktop/MicroLearning/node_modules/.prisma/client/libquery_engine-debian-openssl-1.1.x.so.node(+0xf7f80)[0x7f2aa2095f80]
/home/smsag/Desktop/MicroLearning/node_modules/.prisma/client/libquery_engine-debian-openssl-1.1.x.so.node(+0x911e8b)[0x7f2aa28afe8b]
/home/smsag/Desktop/MicroLearning/node_modules/.prisma/client/libquery_engine-debian-openssl-1.1.x.so.node(+0x91c1de)[0x7f2aa28ba1de]
/home/smsag/Desktop/MicroLearning/node_modules/.prisma/client/libquery_engine-debian-openssl-1.1.x.so.node(+0x910d91)[0x7f2aa28aed91]
/home/smsag/Desktop/MicroLearning/node_modules/.prisma/client/libquery_engine-debian-openssl-1.1.x.so.node(+0x910713)[0x7f2aa28ae713]
/home/smsag/Desktop/MicroLearning/node_modules/.prisma/client/libquery_engine-debian-openssl-1.1.x.so.node(+0x9149d0)[0x7f2aa28b29d0]
/home/smsag/Desktop/MicroLearning/node_modules/.prisma/client/libquery_engine-debian-openssl-1.1.x.so.node(+0x8f9fb5)[0x7f2aa2897fb5]
/lib/x86_64-linux-gnu/libpthread.so.0(+0x8609)[0x7f2abc2f1609]
/lib/x86_64-linux-gnu/libc.so.6(clone+0x43)[0x7f2abc216133]
